0 info it worked if it ends with ok
1 verbose cli [ 'c:\\Development\\Programme\\nodejs\\node.exe',
1 verbose cli   'c:\\Development\\Programme\\nodejs\\modules\\node_modules\\npm\\bin\\npm-cli.js',
1 verbose cli   'version',
1 verbose cli   'patch' ]
2 info using npm@3.5.2
3 info using node@v4.1.2
4 info git [ 'status', '--porcelain' ]
5 verbose stack Error: Git working directory not clean.
5 verbose stack M package.json
5 verbose stack     at c:\Development\Programme\nodejs\modules\node_modules\npm\lib\version.js:172:21
5 verbose stack     at ChildProcess.exithandler (child_process.js:194:7)
5 verbose stack     at emitTwo (events.js:87:13)
5 verbose stack     at ChildProcess.emit (events.js:172:7)
5 verbose stack     at maybeClose (internal/child_process.js:818:16)
5 verbose stack     at Process.ChildProcess._handle.onexit (internal/child_process.js:211:5)
6 verbose cwd C:\workspace\Intern\grunt-include-replace-mustache
7 error Windows_NT 6.1.7601
8 error argv "c:\\Development\\Programme\\nodejs\\node.exe" "c:\\Development\\Programme\\nodejs\\modules\\node_modules\\npm\\bin\\npm-cli.js" "version" "patch"
9 error node v4.1.2
10 error npm  v3.5.2
11 error Git working directory not clean.
11 error M package.json
12 error If you need help, you may report this error at:
12 error     <https://github.com/npm/npm/issues>
13 verbose exit [ 1, true ]
